2025-10-12 22:07:19 INFO  c.w.w.BookingControllerIntegrationTest - Starting BookingControllerIntegrationTest using Java 21.0.5 with PID 17160 (started by sanof in C:\Users\sanof\Downloads\wigell-repairs\wigell-repairs)
2025-10-12 22:07:19 INFO  c.w.w.BookingControllerIntegrationTest - The following 1 profile is active: "test"
2025-10-12 22:07:20 INFO  o.s.d.r.c.RepositoryConfigurationDelegate - Bootstrapping Spring Data JPA repositories in DEFAULT mode.
2025-10-12 22:07:20 INFO  o.s.d.r.c.RepositoryConfigurationDelegate - Finished Spring Data repository scanning in 57 ms. Found 3 JPA repository interfaces.
2025-10-12 22:07:20 INFO  com.zaxxer.hikari.HikariDataSource - HikariPool-1 - Starting...
2025-10-12 22:07:20 INFO  com.zaxxer.hikari.pool.HikariPool - HikariPool-1 - Added connection conn0: url=jdbc:h2:mem:devrepairsdb user=SA
2025-10-12 22:07:20 INFO  com.zaxxer.hikari.HikariDataSource - HikariPool-1 - Start completed.
2025-10-12 22:07:20 INFO  o.h.jpa.internal.util.LogHelper - HHH000204: Processing PersistenceUnitInfo [name: default]
2025-10-12 22:07:21 INFO  org.hibernate.Version - HHH000412: Hibernate ORM core version 6.6.29.Final
2025-10-12 22:07:21 INFO  o.h.c.i.RegionFactoryInitiator - HHH000026: Second-level cache disabled
2025-10-12 22:07:21 INFO  o.s.o.j.p.SpringPersistenceUnitInfo - No LoadTimeWeaver setup: ignoring JPA class transformer
2025-10-12 22:07:21 INFO  o.hibernate.orm.connections.pooling - HHH10001005: Database info:
	Database JDBC URL [Connecting through datasource 'HikariDataSource (HikariPool-1)']
	Database driver: undefined/unknown
	Database version: 2.3.232
	Autocommit mode: undefined/unknown
	Isolation level: undefined/unknown
	Minimum pool size: undefined/unknown
	Maximum pool size: undefined/unknown
2025-10-12 22:07:22 INFO  o.h.e.t.j.p.i.JtaPlatformInitiator - HHH000489: No JTA platform available (set 'hibernate.transaction.jta.platform' to enable JTA platform integration)
2025-10-12 22:07:22 INFO  o.s.o.j.LocalContainerEntityManagerFactoryBean - Initialized JPA EntityManagerFactory for persistence unit 'default'
2025-10-12 22:07:22 WARN  o.s.b.a.o.j.JpaBaseConfiguration$JpaWebConfiguration - spring.jpa.open-in-view is enabled by default. Therefore, database queries may be performed during view rendering. Explicitly configure spring.jpa.open-in-view to disable this warning
2025-10-12 22:07:22 INFO  o.s.s.c.a.a.c.InitializeUserDetailsBeanManagerConfigurer$InitializeUserDetailsManagerConfigurer - Global AuthenticationManager configured with UserDetailsService bean with name users
2025-10-12 22:07:23 INFO  o.s.b.a.h.H2ConsoleAutoConfiguration - H2 console available at '/h2-console'. Database available at 'jdbc:h2:mem:devrepairsdb'
2025-10-12 22:07:23 INFO  o.s.b.t.m.w.SpringBootMockServletContext - Initializing Spring TestDispatcherServlet ''
2025-10-12 22:07:23 INFO  o.s.t.w.s.TestDispatcherServlet - Initializing Servlet ''
2025-10-12 22:07:23 INFO  o.s.t.w.s.TestDispatcherServlet - Completed initialization in 0 ms
2025-10-12 22:07:23 INFO  c.w.w.BookingControllerIntegrationTest - Started BookingControllerIntegrationTest in 4.816 seconds (process running for 6.16)
2025-10-12 22:07:24 INFO  c.w.w.service.RepairService - user user1 booked repair 'Integration Service' with technician IntegrationTech on 2025-10-15 (1000.00 SEK / 89.00 EUR)
2025-10-12 22:07:24 INFO  o.s.o.j.LocalContainerEntityManagerFactoryBean - Closing JPA EntityManagerFactory for persistence unit 'default'
2025-10-12 22:07:24 INFO  com.zaxxer.hikari.HikariDataSource - HikariPool-1 - Shutdown initiated...
2025-10-12 22:07:24 INFO  com.zaxxer.hikari.HikariDataSource - HikariPool-1 - Shutdown completed.
2025-10-12 22:08:13 INFO  c.w.w.BookingControllerIntegrationTest - Starting BookingControllerIntegrationTest using Java 21.0.5 with PID 22040 (started by sanof in C:\Users\sanof\Downloads\wigell-repairs\wigell-repairs)
2025-10-12 22:08:13 INFO  c.w.w.BookingControllerIntegrationTest - The following 1 profile is active: "test"
2025-10-12 22:08:13 INFO  o.s.d.r.c.RepositoryConfigurationDelegate - Bootstrapping Spring Data JPA repositories in DEFAULT mode.
2025-10-12 22:08:13 INFO  o.s.d.r.c.RepositoryConfigurationDelegate - Finished Spring Data repository scanning in 52 ms. Found 3 JPA repository interfaces.
2025-10-12 22:08:14 INFO  com.zaxxer.hikari.HikariDataSource - HikariPool-1 - Starting...
2025-10-12 22:08:14 INFO  com.zaxxer.hikari.pool.HikariPool - HikariPool-1 - Added connection conn0: url=jdbc:h2:mem:devrepairsdb user=SA
2025-10-12 22:08:14 INFO  com.zaxxer.hikari.HikariDataSource - HikariPool-1 - Start completed.
2025-10-12 22:08:14 INFO  o.h.jpa.internal.util.LogHelper - HHH000204: Processing PersistenceUnitInfo [name: default]
2025-10-12 22:08:14 INFO  org.hibernate.Version - HHH000412: Hibernate ORM core version 6.6.29.Final
2025-10-12 22:08:14 INFO  o.h.c.i.RegionFactoryInitiator - HHH000026: Second-level cache disabled
2025-10-12 22:08:15 INFO  o.s.o.j.p.SpringPersistenceUnitInfo - No LoadTimeWeaver setup: ignoring JPA class transformer
2025-10-12 22:08:15 INFO  o.hibernate.orm.connections.pooling - HHH10001005: Database info:
	Database JDBC URL [Connecting through datasource 'HikariDataSource (HikariPool-1)']
	Database driver: undefined/unknown
	Database version: 2.3.232
	Autocommit mode: undefined/unknown
	Isolation level: undefined/unknown
	Minimum pool size: undefined/unknown
	Maximum pool size: undefined/unknown
2025-10-12 22:08:16 INFO  o.h.e.t.j.p.i.JtaPlatformInitiator - HHH000489: No JTA platform available (set 'hibernate.transaction.jta.platform' to enable JTA platform integration)
2025-10-12 22:08:16 INFO  o.s.o.j.LocalContainerEntityManagerFactoryBean - Initialized JPA EntityManagerFactory for persistence unit 'default'
2025-10-12 22:08:16 WARN  o.s.b.a.o.j.JpaBaseConfiguration$JpaWebConfiguration - spring.jpa.open-in-view is enabled by default. Therefore, database queries may be performed during view rendering. Explicitly configure spring.jpa.open-in-view to disable this warning
2025-10-12 22:08:16 INFO  o.s.s.c.a.a.c.InitializeUserDetailsBeanManagerConfigurer$InitializeUserDetailsManagerConfigurer - Global AuthenticationManager configured with UserDetailsService bean with name users
2025-10-12 22:08:17 INFO  o.s.b.a.h.H2ConsoleAutoConfiguration - H2 console available at '/h2-console'. Database available at 'jdbc:h2:mem:devrepairsdb'
2025-10-12 22:08:17 INFO  o.s.b.t.m.w.SpringBootMockServletContext - Initializing Spring TestDispatcherServlet ''
2025-10-12 22:08:17 INFO  o.s.t.w.s.TestDispatcherServlet - Initializing Servlet ''
2025-10-12 22:08:17 INFO  o.s.t.w.s.TestDispatcherServlet - Completed initialization in 3 ms
2025-10-12 22:08:17 INFO  c.w.w.BookingControllerIntegrationTest - Started BookingControllerIntegrationTest in 4.664 seconds (process running for 5.646)
2025-10-12 22:08:18 INFO  c.w.w.service.RepairService - user user1 booked repair 'Integration Service' with technician IntegrationTech on 2025-10-15 (1000.00 SEK / 89.00 EUR)
2025-10-12 22:08:18 INFO  c.w.w.service.RepairService - admin added service Oil change type CAR price 500 SEK
2025-10-12 22:08:18 INFO  c.w.w.service.RepairService - admin updated service id=null name=Updated
2025-10-12 22:08:18 INFO  c.w.w.service.RepairService - admin removed service id=3
2025-10-12 22:08:19 INFO  c.w.w.service.RepairService - user user1 booked repair 'Phone fix' with technician Anna on 2025-10-17 (800 SEK / 71.20 EUR)
2025-10-12 22:08:19 INFO  c.w.w.service.RepairService - user user1 canceled booking id=null for service 'Phone fix' on 2025-10-17
2025-10-12 22:08:19 INFO  o.s.o.j.LocalContainerEntityManagerFactoryBean - Closing JPA EntityManagerFactory for persistence unit 'default'
2025-10-12 22:08:19 INFO  com.zaxxer.hikari.HikariDataSource - HikariPool-1 - Shutdown initiated...
2025-10-12 22:08:19 INFO  com.zaxxer.hikari.HikariDataSource - HikariPool-1 - Shutdown completed.
