2025-10-11 22:16:25 INFO  c.w.w.BookingControllerIntegrationTest - Starting BookingControllerIntegrationTest using Java 21.0.5 with PID 19620 (started by sanof in C:\Users\sanof\Downloads\wigell-repairs\wigell-repairs)
2025-10-11 22:16:25 INFO  c.w.w.BookingControllerIntegrationTest - The following 1 profile is active: "test"
2025-10-11 22:16:26 INFO  o.s.d.r.c.RepositoryConfigurationDelegate - Bootstrapping Spring Data JPA repositories in DEFAULT mode.
2025-10-11 22:16:26 INFO  o.s.d.r.c.RepositoryConfigurationDelegate - Finished Spring Data repository scanning in 60 ms. Found 3 JPA repository interfaces.
2025-10-11 22:16:27 INFO  com.zaxxer.hikari.HikariDataSource - HikariPool-1 - Starting...
2025-10-11 22:16:27 INFO  com.zaxxer.hikari.pool.HikariPool - HikariPool-1 - Added connection conn0: url=jdbc:h2:mem:devrepairsdb user=SA
2025-10-11 22:16:27 INFO  com.zaxxer.hikari.HikariDataSource - HikariPool-1 - Start completed.
2025-10-11 22:16:27 INFO  o.h.jpa.internal.util.LogHelper - HHH000204: Processing PersistenceUnitInfo [name: default]
2025-10-11 22:16:27 INFO  org.hibernate.Version - HHH000412: Hibernate ORM core version 6.6.29.Final
2025-10-11 22:16:27 INFO  o.h.c.i.RegionFactoryInitiator - HHH000026: Second-level cache disabled
2025-10-11 22:16:27 INFO  o.s.o.j.p.SpringPersistenceUnitInfo - No LoadTimeWeaver setup: ignoring JPA class transformer
2025-10-11 22:16:27 INFO  o.hibernate.orm.connections.pooling - HHH10001005: Database info:
	Database JDBC URL [Connecting through datasource 'HikariDataSource (HikariPool-1)']
	Database driver: undefined/unknown
	Database version: 2.3.232
	Autocommit mode: undefined/unknown
	Isolation level: undefined/unknown
	Minimum pool size: undefined/unknown
	Maximum pool size: undefined/unknown
2025-10-11 22:16:28 INFO  o.h.e.t.j.p.i.JtaPlatformInitiator - HHH000489: No JTA platform available (set 'hibernate.transaction.jta.platform' to enable JTA platform integration)
2025-10-11 22:16:28 INFO  o.s.o.j.LocalContainerEntityManagerFactoryBean - Initialized JPA EntityManagerFactory for persistence unit 'default'
2025-10-11 22:16:29 WARN  o.s.b.a.o.j.JpaBaseConfiguration$JpaWebConfiguration - spring.jpa.open-in-view is enabled by default. Therefore, database queries may be performed during view rendering. Explicitly configure spring.jpa.open-in-view to disable this warning
2025-10-11 22:16:29 INFO  o.s.s.c.a.a.c.InitializeUserDetailsBeanManagerConfigurer$InitializeUserDetailsManagerConfigurer - Global AuthenticationManager configured with UserDetailsService bean with name users
2025-10-11 22:16:30 INFO  o.s.b.a.h.H2ConsoleAutoConfiguration - H2 console available at '/h2-console'. Database available at 'jdbc:h2:mem:devrepairsdb'
2025-10-11 22:16:30 INFO  o.s.b.t.m.w.SpringBootMockServletContext - Initializing Spring TestDispatcherServlet ''
2025-10-11 22:16:30 INFO  o.s.t.w.s.TestDispatcherServlet - Initializing Servlet ''
2025-10-11 22:16:30 INFO  o.s.t.w.s.TestDispatcherServlet - Completed initialization in 1 ms
2025-10-11 22:16:30 INFO  c.w.w.BookingControllerIntegrationTest - Started BookingControllerIntegrationTest in 5.342 seconds (process running for 6.543)
2025-10-11 22:16:31 INFO  c.w.w.service.RepairService - user user1 booked repair 'Integration Service' with technician IntegrationTech on 2025-10-14 (1000.00 SEK / 89.00 EUR)
2025-10-11 22:16:31 INFO  c.w.w.service.RepairService - admin added service Oil change type CAR price 500 SEK
2025-10-11 22:16:31 INFO  c.w.w.service.RepairService - admin updated service id=null name=Updated
2025-10-11 22:16:31 INFO  c.w.w.service.RepairService - admin removed service id=3
2025-10-11 22:16:31 INFO  c.w.w.service.RepairService - user user1 booked repair 'Phone fix' with technician Anna on 2025-10-16 (800 SEK / 71.20 EUR)
2025-10-11 22:16:31 INFO  c.w.w.service.RepairService - user user1 canceled booking id=null for service 'Phone fix' on 2025-10-16
2025-10-11 22:16:31 INFO  o.s.o.j.LocalContainerEntityManagerFactoryBean - Closing JPA EntityManagerFactory for persistence unit 'default'
2025-10-11 22:16:31 INFO  com.zaxxer.hikari.HikariDataSource - HikariPool-1 - Shutdown initiated...
2025-10-11 22:16:31 INFO  com.zaxxer.hikari.HikariDataSource - HikariPool-1 - Shutdown completed.
2025-10-11 22:16:47 INFO  c.w.w.BookingControllerIntegrationTest - Starting BookingControllerIntegrationTest using Java 21.0.5 with PID 15952 (started by sanof in C:\Users\sanof\Downloads\wigell-repairs\wigell-repairs)
2025-10-11 22:16:47 INFO  c.w.w.BookingControllerIntegrationTest - The following 1 profile is active: "test"
2025-10-11 22:16:48 INFO  o.s.d.r.c.RepositoryConfigurationDelegate - Bootstrapping Spring Data JPA repositories in DEFAULT mode.
2025-10-11 22:16:48 INFO  o.s.d.r.c.RepositoryConfigurationDelegate - Finished Spring Data repository scanning in 73 ms. Found 3 JPA repository interfaces.
2025-10-11 22:16:49 INFO  com.zaxxer.hikari.HikariDataSource - HikariPool-1 - Starting...
2025-10-11 22:16:49 INFO  com.zaxxer.hikari.pool.HikariPool - HikariPool-1 - Added connection conn0: url=jdbc:h2:mem:devrepairsdb user=SA
2025-10-11 22:16:49 INFO  com.zaxxer.hikari.HikariDataSource - HikariPool-1 - Start completed.
2025-10-11 22:16:49 INFO  o.h.jpa.internal.util.LogHelper - HHH000204: Processing PersistenceUnitInfo [name: default]
2025-10-11 22:16:49 INFO  org.hibernate.Version - HHH000412: Hibernate ORM core version 6.6.29.Final
2025-10-11 22:16:49 INFO  o.h.c.i.RegionFactoryInitiator - HHH000026: Second-level cache disabled
2025-10-11 22:16:49 INFO  o.s.o.j.p.SpringPersistenceUnitInfo - No LoadTimeWeaver setup: ignoring JPA class transformer
2025-10-11 22:16:50 INFO  o.hibernate.orm.connections.pooling - HHH10001005: Database info:
	Database JDBC URL [Connecting through datasource 'HikariDataSource (HikariPool-1)']
	Database driver: undefined/unknown
	Database version: 2.3.232
	Autocommit mode: undefined/unknown
	Isolation level: undefined/unknown
	Minimum pool size: undefined/unknown
	Maximum pool size: undefined/unknown
2025-10-11 22:16:51 INFO  o.h.e.t.j.p.i.JtaPlatformInitiator - HHH000489: No JTA platform available (set 'hibernate.transaction.jta.platform' to enable JTA platform integration)
2025-10-11 22:16:51 INFO  o.s.o.j.LocalContainerEntityManagerFactoryBean - Initialized JPA EntityManagerFactory for persistence unit 'default'
2025-10-11 22:16:51 WARN  o.s.b.a.o.j.JpaBaseConfiguration$JpaWebConfiguration - spring.jpa.open-in-view is enabled by default. Therefore, database queries may be performed during view rendering. Explicitly configure spring.jpa.open-in-view to disable this warning
2025-10-11 22:16:51 INFO  o.s.s.c.a.a.c.InitializeUserDetailsBeanManagerConfigurer$InitializeUserDetailsManagerConfigurer - Global AuthenticationManager configured with UserDetailsService bean with name users
2025-10-11 22:16:52 INFO  o.s.b.a.h.H2ConsoleAutoConfiguration - H2 console available at '/h2-console'. Database available at 'jdbc:h2:mem:devrepairsdb'
2025-10-11 22:16:52 INFO  o.s.b.t.m.w.SpringBootMockServletContext - Initializing Spring TestDispatcherServlet ''
2025-10-11 22:16:52 INFO  o.s.t.w.s.TestDispatcherServlet - Initializing Servlet ''
2025-10-11 22:16:52 INFO  o.s.t.w.s.TestDispatcherServlet - Completed initialization in 1 ms
2025-10-11 22:16:52 INFO  c.w.w.BookingControllerIntegrationTest - Started BookingControllerIntegrationTest in 5.92 seconds (process running for 7.399)
2025-10-11 22:16:53 INFO  c.w.w.service.RepairService - user user1 booked repair 'Integration Service' with technician IntegrationTech on 2025-10-14 (1000.00 SEK / 89.00 EUR)
2025-10-11 22:16:53 INFO  o.s.o.j.LocalContainerEntityManagerFactoryBean - Closing JPA EntityManagerFactory for persistence unit 'default'
2025-10-11 22:16:53 INFO  com.zaxxer.hikari.HikariDataSource - HikariPool-1 - Shutdown initiated...
2025-10-11 22:16:53 INFO  com.zaxxer.hikari.HikariDataSource - HikariPool-1 - Shutdown completed.
